Determining if the pthread_create exist failed with the following output:
Change Dir: /home/workspace/udacity_robotics_project5/build/CMakeFiles/CMakeTmp

Run Build Command:"/usr/bin/make" "cmTC_23361/fast"
/usr/bin/make -f CMakeFiles/cmTC_23361.dir/build.make CMakeFiles/cmTC_23361.dir/build
make[1]: Entering directory '/home/workspace/udacity_robotics_project5/build/CMakeFiles/CMakeTmp'
Building C object CMakeFiles/cmTC_23361.dir/CheckSymbolExists.c.o
/usr/bin/cc    -o CMakeFiles/cmTC_23361.dir/CheckSymbolExists.c.o   -c /home/workspace/udacity_robotics_project5/build/CMakeFiles/CMakeTmp/CheckSymbolExists.c
Linking C executable cmTC_23361
/usr/local/bin/cmake -E cmake_link_script CMakeFiles/cmTC_23361.dir/link.txt --verbose=1
/usr/bin/cc      -rdynamic CMakeFiles/cmTC_23361.dir/CheckSymbolExists.c.o  -o cmTC_23361 
CMakeFiles/cmTC_23361.dir/CheckSymbolExists.c.o: In function `main':
CheckSymbolExists.c:(.text+0x16): undefined reference to `pthread_create'
collect2: error: ld returned 1 exit status
CMakeFiles/cmTC_23361.dir/build.make:86: recipe for target 'cmTC_23361' failed
make[1]: *** [cmTC_23361] Error 1
make[1]: Leaving directory '/home/workspace/udacity_robotics_project5/build/CMakeFiles/CMakeTmp'
Makefile:121: recipe for target 'cmTC_23361/fast' failed
make: *** [cmTC_23361/fast] Error 2

File /home/workspace/udacity_robotics_project5/build/CMakeFiles/CMakeTmp/CheckSymbolExists.c:
/* */
#include <pthread.h>

int main(int argc, char** argv)
{
  (void)argv;
#ifndef pthread_create
  return ((int*)(&pthread_create))[argc];
#else
  (void)argc;
  return 0;
#endif
}

Determining if the function pthread_create exists in the pthreads failed with the following output:
Change Dir: /home/workspace/udacity_robotics_project5/build/CMakeFiles/CMakeTmp

Run Build Command:"/usr/bin/make" "cmTC_048fb/fast"
/usr/bin/make -f CMakeFiles/cmTC_048fb.dir/build.make CMakeFiles/cmTC_048fb.dir/build
make[1]: Entering directory '/home/workspace/udacity_robotics_project5/build/CMakeFiles/CMakeTmp'
Building C object CMakeFiles/cmTC_048fb.dir/CheckFunctionExists.c.o
/usr/bin/cc   -DCHECK_FUNCTION_EXISTS=pthread_create   -o CMakeFiles/cmTC_048fb.dir/CheckFunctionExists.c.o   -c /usr/local/share/cmake-3.13/Modules/CheckFunctionExists.c
Linking C executable cmTC_048fb
/usr/local/bin/cmake -E cmake_link_script CMakeFiles/cmTC_048fb.dir/link.txt --verbose=1
/usr/bin/cc  -DCHECK_FUNCTION_EXISTS=pthread_create    -rdynamic CMakeFiles/cmTC_048fb.dir/CheckFunctionExists.c.o  -o cmTC_048fb -lpthreads 
/usr/bin/ld: cannot find -lpthreads
collect2: error: ld returned 1 exit status
CMakeFiles/cmTC_048fb.dir/build.make:86: recipe for target 'cmTC_048fb' failed
make[1]: *** [cmTC_048fb] Error 1
make[1]: Leaving directory '/home/workspace/udacity_robotics_project5/build/CMakeFiles/CMakeTmp'
Makefile:121: recipe for target 'cmTC_048fb/fast' failed
make: *** [cmTC_048fb/fast] Error 2


